<?xml version="1.0" encoding="UTF-8"?>
<testng-results ignored="0" total="4" passed="4" failed="0" skipped="0">
  <reporter-output>
  </reporter-output>
  <suite started-at="2023-10-20T12:51:18 IST" name="Suite" finished-at="2023-10-20T12:51:50 IST" duration-ms="31460">
    <groups>
    </groups>
    <test started-at="2023-10-20T12:51:18 IST" name="chromebrowser" finished-at="2023-10-20T12:51:35 IST" duration-ms="16936">
      <class name="pageobjects.test">
        <test-method is-config="true" signature="start(java.lang.String)[pri:0, instance:pageobjects.test@5890e879]" started-at="2023-10-20T12:51:18 IST" name="start" finished-at="2023-10-20T12:51:25 IST" duration-ms="6876" status="PASS">
          <params>
            <param index="0">
              <value>
                <![CDATA[chrome]]>
              </value>
            </param>
          </params>
          <reporter-output>
          </reporter-output>
        </test-method> <!-- start -->
        <test-method signature="forwarddatepicker()[pri:0, instance:pageobjects.test@5890e879]" started-at="2023-10-20T12:51:25 IST" name="forwarddatepicker" finished-at="2023-10-20T12:51:31 IST" duration-ms="5648" status="PASS">
          <reporter-output>
          </reporter-output>
        </test-method> <!-- forwarddatepicker -->
        <test-method signature="Backdatepicker()[pri:1, instance:pageobjects.test@5890e879]" started-at="2023-10-20T12:51:31 IST" name="Backdatepicker" finished-at="2023-10-20T12:51:35 IST" duration-ms="4184" status="PASS">
          <reporter-output>
          </reporter-output>
        </test-method> <!-- Backdatepicker -->
        <test-method is-config="true" signature="close()[pri:0, instance:pageobjects.test@5890e879]" started-at="2023-10-20T12:51:35 IST" name="close" finished-at="2023-10-20T12:51:35 IST" duration-ms="138" status="PASS">
          <reporter-output>
          </reporter-output>
        </test-method> <!-- close -->
      </class> <!-- pageobjects.test -->
    </test> <!-- chromebrowser -->
    <test started-at="2023-10-20T12:51:35 IST" name="edgebrowser" finished-at="2023-10-20T12:51:50 IST" duration-ms="14456">
      <class name="pageobjects.test">
        <test-method is-config="true" signature="start(java.lang.String)[pri:0, instance:pageobjects.test@1a245833]" started-at="2023-10-20T12:51:35 IST" name="start" finished-at="2023-10-20T12:51:41 IST" duration-ms="6418" status="PASS">
          <params>
            <param index="0">
              <value>
                <![CDATA[Edge]]>
              </value>
            </param>
          </params>
          <reporter-output>
          </reporter-output>
        </test-method> <!-- start -->
        <test-method signature="forwarddatepicker()[pri:0, instance:pageobjects.test@1a245833]" started-at="2023-10-20T12:51:41 IST" name="forwarddatepicker" finished-at="2023-10-20T12:51:46 IST" duration-ms="4186" status="PASS">
          <reporter-output>
          </reporter-output>
        </test-method> <!-- forwarddatepicker -->
        <test-method signature="Backdatepicker()[pri:1, instance:pageobjects.test@1a245833]" started-at="2023-10-20T12:51:46 IST" name="Backdatepicker" finished-at="2023-10-20T12:51:49 IST" duration-ms="3525" status="PASS">
          <reporter-output>
          </reporter-output>
        </test-method> <!-- Backdatepicker -->
        <test-method is-config="true" signature="close()[pri:0, instance:pageobjects.test@1a245833]" started-at="2023-10-20T12:51:49 IST" name="close" finished-at="2023-10-20T12:51:50 IST" duration-ms="312" status="PASS">
          <reporter-output>
          </reporter-output>
        </test-method> <!-- close -->
      </class> <!-- pageobjects.test -->
    </test> <!-- edgebrowser -->
  </suite> <!-- Suite -->
</testng-results>
