<?xml version="1.0" encoding="UTF-8"?>
<testng-results ignored="0" total="2" passed="2" failed="0" skipped="0">
  <reporter-output>
  </reporter-output>
  <suite started-at="2023-09-03T16:48:09 IST" name="Default suite" finished-at="2023-09-03T16:48:38 IST" duration-ms="28627">
    <groups>
    </groups>
    <test started-at="2023-09-03T16:48:09 IST" name="Default test" finished-at="2023-09-03T16:48:38 IST" duration-ms="28627">
      <class name="ReadingDataFromEcel.testclass">
        <test-method signature="testing(java.lang.String,java.lang.String,java.lang.String,java.lang.String)[pri:0, instance:ReadingDataFromEcel.testclass@58cbafc2]" started-at="2023-09-03T16:48:11 IST" name="testing" data-provider="babu" finished-at="2023-09-03T16:48:27 IST" duration-ms="15889" status="PASS">
          <params>
            <param index="0">
              <value>
                <![CDATA[seshu]]>
              </value>
            </param>
            <param index="1">
              <value>
                <![CDATA[seshu@gmail.com]]>
              </value>
            </param>
            <param index="2">
              <value>
                <![CDATA[9493033456]]>
              </value>
            </param>
            <param index="3">
              <value>
                <![CDATA[Nandigama]]>
              </value>
            </param>
          </params>
          <reporter-output>
          </reporter-output>
        </test-method> <!-- testing -->
        <test-method signature="testing(java.lang.String,java.lang.String,java.lang.String,java.lang.String)[pri:0, instance:ReadingDataFromEcel.testclass@58cbafc2]" started-at="2023-09-03T16:48:27 IST" name="testing" data-provider="babu" finished-at="2023-09-03T16:48:38 IST" duration-ms="11107" status="PASS">
          <params>
            <param index="0">
              <value>
                <![CDATA[babu]]>
              </value>
            </param>
            <param index="1">
              <value>
                <![CDATA[babu@gmail.com]]>
              </value>
            </param>
            <param index="2">
              <value>
                <![CDATA[1234566789]]>
              </value>
            </param>
            <param index="3">
              <value>
                <![CDATA[Nandigama]]>
              </value>
            </param>
          </params>
          <reporter-output>
          </reporter-output>
        </test-method> <!-- testing -->
      </class> <!-- ReadingDataFromEcel.testclass -->
    </test> <!-- Default test -->
  </suite> <!-- Default suite -->
</testng-results>
